2023-11-07 02:43:01,892 - INFO - Application started
2023-11-07 02:43:03,196 - INFO - Unknown Response: 
2023-11-07 02:43:03,196 - INFO - Unknown Response: 
2023-11-07 02:43:03,196 - INFO - Unknown Response: 
2023-11-07 02:43:03,196 - INFO - Unknown Response: 
2023-11-07 02:43:03,196 - INFO - Unknown Response: 
2023-11-07 02:43:03,196 - INFO - Unknown Response: 
2023-11-07 02:43:03,197 - INFO - Unknown Response: 
2023-11-07 02:43:03,197 - INFO - Unknown Response: 
2023-11-07 02:43:03,197 - INFO - Unknown Response: 
2023-11-07 02:43:03,197 - INFO - Unknown Response: 
2023-11-07 02:43:03,197 - INFO - Unknown Response: 
2023-11-07 02:43:03,199 - INFO - Unknown Response: 
2023-11-07 02:43:03,199 - INFO - Unknown Response: 
2023-11-07 02:43:03,199 - INFO - Unknown Response: 
2023-11-07 02:43:03,199 - INFO - Unknown Response: 
2023-11-07 02:43:03,199 - INFO - Unknown Response: 
2023-11-07 02:43:03,199 - INFO - Unknown Response: 
2023-11-07 02:43:03,199 - INFO - Unknown Response: 
2023-11-07 02:43:03,199 - INFO - Unknown Response: 
2023-11-07 02:43:03,199 - INFO - Unknown Response: 
2023-11-07 02:43:03,199 - INFO - Unknown Response: 
2023-11-07 02:43:03,200 - INFO - Unknown Response: 
2023-11-07 02:43:03,200 - INFO - Unknown Response: 
2023-11-07 02:43:03,200 - INFO - Unknown Response: 
2023-11-07 02:43:03,200 - INFO - Unknown Response: 
2023-11-07 02:43:03,200 - INFO - Unknown Response: 
2023-11-07 02:43:03,200 - INFO - Unknown Response: 
2023-11-07 02:43:03,200 - INFO - Unknown Response: 
2023-11-07 02:43:03,200 - INFO - Unknown Response: 
2023-11-07 02:43:03,200 - INFO - Unknown Response: 
2023-11-07 02:43:03,200 - INFO - Unknown Response: 
2023-11-07 02:43:03,200 - INFO - Unknown Response: 
2023-11-07 02:43:03,200 - INFO - Unknown Response: 
2023-11-07 02:43:03,200 - INFO - Unknown Response: 
2023-11-07 02:43:03,201 - INFO - Unknown Response: 
2023-11-07 02:43:03,201 - INFO - Unknown Response: 
2023-11-07 02:43:03,201 - INFO - Unknown Response: 
2023-11-07 02:43:03,201 - INFO - Unknown Response: 
2023-11-07 02:43:03,201 - INFO - Unknown Response: 
2023-11-07 02:43:03,201 - INFO - Unknown Response: 
2023-11-07 02:43:03,201 - INFO - Unknown Response: 
2023-11-07 02:43:03,201 - INFO - Unknown Response: 
2023-11-07 02:43:03,201 - INFO - Unknown Response: 
2023-11-07 02:43:03,201 - INFO - Unknown Response: 
2023-11-07 02:43:03,201 - INFO - Unknown Response: 
2023-11-07 02:43:03,201 - INFO - Unknown Response: 
2023-11-07 02:43:03,201 - INFO - Unknown Response: 
2023-11-07 02:43:03,201 - INFO - Unknown Response: 
2023-11-07 02:43:03,202 - INFO - Unknown Response: 
2023-11-07 02:43:03,202 - INFO - Unknown Response: 
2023-11-07 02:43:03,202 - INFO - Unknown Response: 
2023-11-07 02:43:03,202 - INFO - Unknown Response: 
2023-11-07 02:43:03,202 - INFO - Unknown Response: 
2023-11-07 02:43:03,202 - INFO - Unknown Response: 
2023-11-07 02:43:03,202 - INFO - Unknown Response: 
2023-11-07 02:43:03,202 - INFO - Unknown Response: 
2023-11-07 02:43:03,202 - INFO - Unknown Response: 
2023-11-07 02:43:03,202 - INFO - Unknown Response: 
2023-11-07 02:43:03,202 - INFO - Unknown Response: 
2023-11-07 02:43:03,202 - INFO - Unknown Response: 
2023-11-07 02:43:03,202 - INFO - Unknown Response: 
2023-11-07 02:43:03,202 - INFO - Unknown Response: 
2023-11-07 02:43:03,202 - INFO - Unknown Response: 
2023-11-07 02:43:03,203 - INFO - Unknown Response: 
2023-11-07 02:43:03,203 - INFO - Unknown Response: 
2023-11-07 02:43:03,203 - INFO - Unknown Response: 
2023-11-07 02:43:03,203 - INFO - Unknown Response: 
2023-11-07 02:43:03,203 - INFO - Unknown Response: 
2023-11-07 02:43:03,203 - INFO - Unknown Response: 
2023-11-07 02:43:03,203 - INFO - Unknown Response: 
2023-11-07 02:43:03,203 - INFO - Unknown Response: 
2023-11-07 02:43:03,203 - INFO - Unknown Response: 
2023-11-07 02:43:03,203 - INFO - Unknown Response: 
2023-11-07 02:43:03,203 - INFO - Unknown Response: 
2023-11-07 02:43:03,203 - INFO - Unknown Response: 
2023-11-07 02:43:03,203 - INFO - Unknown Response: 
2023-11-07 02:43:03,203 - INFO - Unknown Response: 
2023-11-07 02:43:03,204 - INFO - Unknown Response: 
2023-11-07 02:43:03,204 - INFO - Unknown Response: 
2023-11-07 02:43:03,204 - INFO - Unknown Response: 
2023-11-07 02:43:03,204 - INFO - Unknown Response: 
2023-11-07 02:43:03,204 - INFO - Unknown Response: 
2023-11-07 02:43:03,204 - INFO - Unknown Response: 
2023-11-07 02:43:03,204 - INFO - Unknown Response: 
2023-11-07 02:43:03,204 - INFO - Unknown Response: 
2023-11-07 02:43:03,204 - INFO - Unknown Response: 
2023-11-07 02:43:03,204 - INFO - Unknown Response: 
2023-11-07 02:43:03,204 - INFO - Unknown Response: 
2023-11-07 02:43:03,204 - INFO - Unknown Response: 
2023-11-07 02:43:03,204 - INFO - Unknown Response: 
2023-11-07 02:43:03,204 - INFO - Unknown Response: 
2023-11-07 02:43:03,204 - INFO - Unknown Response: 
2023-11-07 02:43:03,205 - INFO - Unknown Response: 
2023-11-07 02:43:03,205 - INFO - Unknown Response: 
2023-11-07 02:43:03,205 - INFO - Unknown Response: 
2023-11-07 02:43:03,205 - INFO - Unknown Response: 
2023-11-07 02:43:03,205 - INFO - Unknown Response: 
2023-11-07 02:43:03,205 - INFO - Unknown Response: 
2023-11-07 02:43:03,205 - INFO - Unknown Response: 
2023-11-07 02:43:03,205 - INFO - Unknown Response: 
2023-11-07 02:43:03,205 - INFO - Unknown Response: 
2023-11-07 02:43:03,205 - INFO - Unknown Response: 
2023-11-07 02:43:03,205 - INFO - Unknown Response: 
2023-11-07 02:43:03,205 - INFO - Unknown Response: 
2023-11-07 02:43:03,205 - INFO - Unknown Response: 
2023-11-07 02:43:03,205 - INFO - Unknown Response: 
2023-11-07 02:43:03,206 - INFO - Unknown Response: 
2023-11-07 02:43:03,206 - INFO - Unknown Response: 
2023-11-07 02:43:03,206 - INFO - Unknown Response: 
2023-11-07 02:43:03,206 - INFO - Unknown Response: 
2023-11-07 02:43:03,206 - INFO - Unknown Response: 
2023-11-07 02:43:03,206 - INFO - Unknown Response: 
2023-11-07 02:43:03,206 - INFO - Unknown Response: 
2023-11-07 02:43:03,206 - INFO - Unknown Response: 
2023-11-07 02:43:03,206 - INFO - Unknown Response: 
2023-11-07 02:43:03,206 - INFO - Unknown Response: 
2023-11-07 02:43:03,206 - INFO - Unknown Response: 
2023-11-07 02:43:03,206 - INFO - Unknown Response: 
2023-11-07 02:43:03,206 - INFO - Unknown Response: 
2023-11-07 02:43:03,207 - INFO - Unknown Response: 
2023-11-07 02:43:03,207 - INFO - Unknown Response: 
2023-11-07 02:43:03,207 - INFO - Unknown Response: 
2023-11-07 02:43:03,207 - INFO - Unknown Response: 
2023-11-07 02:43:03,207 - INFO - Unknown Response: 
2023-11-07 02:43:03,207 - INFO - Unknown Response: 
2023-11-07 02:43:03,207 - INFO - Unknown Response: 
2023-11-07 02:43:03,208 - INFO - Unknown Response: 
2023-11-07 02:43:03,208 - INFO - Unknown Response: 
2023-11-07 02:43:03,208 - INFO - Unknown Response: 
2023-11-07 02:43:03,208 - INFO - Unknown Response: 
2023-11-07 02:43:03,208 - INFO - Unknown Response: 
2023-11-07 02:43:03,208 - INFO - Unknown Response: 
2023-11-07 02:43:03,208 - INFO - Unknown Response: 
2023-11-07 02:43:03,208 - INFO - Unknown Response: 
2023-11-07 02:43:03,208 - INFO - Unknown Response: 
2023-11-07 02:43:03,208 - INFO - Unknown Response: 
2023-11-07 02:43:03,208 - INFO - Unknown Response: 
2023-11-07 02:43:03,208 - INFO - Unknown Response: 
2023-11-07 02:43:03,208 - INFO - Unknown Response: 
2023-11-07 02:43:03,208 - INFO - Unknown Response: 
2023-11-07 02:43:03,208 - INFO - Unknown Response: 
2023-11-07 02:43:03,208 - INFO - Unknown Response: 
2023-11-07 02:43:03,208 - INFO - Unknown Response: 
2023-11-07 02:43:03,208 - INFO - Unknown Response: 
2023-11-07 02:43:03,208 - INFO - Unknown Response: 
2023-11-07 02:43:03,209 - INFO - Unknown Response: 
2023-11-07 02:43:03,209 - INFO - Unknown Response: 
2023-11-07 02:43:03,209 - INFO - Unknown Response: 
2023-11-07 02:43:03,209 - INFO - Unknown Response: 
2023-11-07 02:43:03,209 - INFO - Unknown Response: 
2023-11-07 02:43:03,209 - INFO - Unknown Response: 
2023-11-07 02:43:03,209 - INFO - Unknown Response: 
2023-11-07 02:43:03,209 - INFO - Unknown Response: 
2023-11-07 02:43:03,209 - INFO - Unknown Response: 
2023-11-07 02:43:03,209 - INFO - Unknown Response: 
2023-11-07 02:43:03,209 - INFO - Unknown Response: 
2023-11-07 02:43:03,209 - INFO - Unknown Response: 
2023-11-07 02:43:03,209 - INFO - Unknown Response: 
2023-11-07 02:43:03,209 - INFO - Unknown Response: 
2023-11-07 02:43:03,209 - INFO - Unknown Response: 
2023-11-07 02:43:03,210 - INFO - Unknown Response: 
2023-11-07 02:43:03,210 - INFO - Unknown Response: 
2023-11-07 02:43:03,210 - INFO - Unknown Response: 
2023-11-07 02:43:03,210 - INFO - Unknown Response: 
2023-11-07 02:43:03,210 - INFO - Unknown Response: 
2023-11-07 02:43:03,210 - INFO - Unknown Response: 
2023-11-07 02:43:03,210 - INFO - Unknown Response: 
2023-11-07 02:43:03,210 - INFO - Unknown Response: 
2023-11-07 02:43:03,210 - INFO - Unknown Response: 
2023-11-07 02:43:03,210 - INFO - Unknown Response: 
2023-11-07 02:43:03,210 - INFO - Unknown Response: 
2023-11-07 02:43:03,210 - INFO - Unknown Response: 
2023-11-07 02:43:03,210 - INFO - Unknown Response: 
2023-11-07 02:43:03,210 - INFO - Unknown Response: 
2023-11-07 02:43:03,210 - INFO - Unknown Response: 
2023-11-07 02:43:03,210 - INFO - Unknown Response: 
2023-11-07 02:43:03,210 - INFO - Unknown Response: 
2023-11-07 02:43:03,210 - INFO - Unknown Response: 
2023-11-07 02:43:03,211 - INFO - Unknown Response: 
2023-11-07 02:43:03,211 - INFO - Unknown Response: 
2023-11-07 02:43:03,211 - INFO - Unknown Response: 
2023-11-07 02:43:03,211 - INFO - Unknown Response: 
2023-11-07 02:43:03,211 - INFO - Unknown Response: 
2023-11-07 02:43:03,211 - INFO - Unknown Response: 
2023-11-07 02:43:03,211 - INFO - Unknown Response: 
2023-11-07 02:43:03,211 - INFO - Unknown Response: 
2023-11-07 02:43:03,211 - INFO - Unknown Response: 
2023-11-07 02:43:03,211 - INFO - Unknown Response: 
2023-11-07 02:43:03,211 - INFO - Unknown Response: 
2023-11-07 02:43:03,211 - INFO - Unknown Response: 
2023-11-07 02:43:03,211 - INFO - Unknown Response: 
2023-11-07 02:43:03,211 - INFO - Unknown Response: 
2023-11-07 02:43:03,211 - INFO - Unknown Response: 
2023-11-07 02:43:03,212 - INFO - Unknown Response: 
2023-11-07 02:43:03,212 - INFO - Unknown Response: 
2023-11-07 02:43:03,212 - INFO - Unknown Response: 
2023-11-07 02:43:03,212 - INFO - Unknown Response: 
2023-11-07 02:43:03,212 - INFO - Unknown Response: 
2023-11-07 02:43:03,212 - INFO - Unknown Response: 
2023-11-07 02:43:03,212 - INFO - Unknown Response: 
2023-11-07 02:43:03,212 - INFO - Unknown Response: 
2023-11-07 02:43:03,212 - INFO - Unknown Response: 
2023-11-07 02:43:03,212 - INFO - Unknown Response: 
2023-11-07 02:43:03,212 - INFO - Unknown Response: 
2023-11-07 02:43:03,212 - INFO - Unknown Response: 
2023-11-07 02:43:03,212 - INFO - Unknown Response: 
2023-11-07 02:43:03,212 - INFO - Unknown Response: 
2023-11-07 02:43:03,213 - INFO - Unknown Response: 
2023-11-07 02:43:03,213 - INFO - Unknown Response: 
2023-11-07 02:43:03,213 - INFO - Unknown Response: 
2023-11-07 02:43:03,213 - INFO - Unknown Response: 
2023-11-07 02:43:03,213 - INFO - Unknown Response: 
2023-11-07 02:43:03,213 - INFO - Unknown Response: 
2023-11-07 02:43:03,213 - INFO - Unknown Response: 
2023-11-07 02:43:03,213 - INFO - Unknown Response: 
2023-11-07 02:43:03,213 - INFO - Unknown Response: 
2023-11-07 02:43:03,213 - INFO - Unknown Response: 
2023-11-07 02:43:03,213 - INFO - Unknown Response: 
2023-11-07 02:43:03,213 - INFO - Unknown Response: 
2023-11-07 02:43:03,213 - INFO - Unknown Response: 
2023-11-07 02:43:03,213 - INFO - Unknown Response: 
2023-11-07 02:43:03,213 - INFO - Unknown Response: 
2023-11-07 02:43:03,213 - INFO - Unknown Response: 
2023-11-07 02:43:03,213 - INFO - Unknown Response: 
2023-11-07 02:43:03,213 - INFO - Unknown Response: 
2023-11-07 02:43:03,214 - INFO - Unknown Response: 
2023-11-07 02:43:03,214 - INFO - Unknown Response: 
2023-11-07 02:43:03,214 - INFO - Unknown Response: 
2023-11-07 02:43:03,214 - INFO - Unknown Response: 
2023-11-07 02:43:03,214 - INFO - Unknown Response: 
2023-11-07 02:43:03,214 - INFO - Unknown Response: 
2023-11-07 02:43:03,214 - INFO - Unknown Response: 
2023-11-07 02:43:03,214 - INFO - Unknown Response: 
2023-11-07 02:43:03,214 - INFO - Unknown Response: 
2023-11-07 02:43:03,214 - INFO - Unknown Response: 
2023-11-07 02:43:03,214 - INFO - Unknown Response: 
2023-11-07 02:43:03,214 - INFO - Unknown Response: 
2023-11-07 02:43:03,214 - INFO - Unknown Response: 
2023-11-07 02:43:03,214 - INFO - Unknown Response: 
2023-11-07 02:43:03,215 - ERROR - An error occurred: [WinError 10053] An established connection was aborted by the software in your host machine
2023-11-07 02:49:24,398 - INFO - Application started
2023-11-07 02:49:25,697 - INFO - Unknown Response: 
2023-11-07 02:49:25,697 - INFO - Unknown Response: 
2023-11-07 02:49:25,697 - INFO - Unknown Response: 
2023-11-07 02:49:25,697 - INFO - Unknown Response: 
2023-11-07 02:49:25,697 - INFO - Unknown Response: 
2023-11-07 02:49:25,697 - INFO - Unknown Response: 
2023-11-07 02:49:25,697 - INFO - Unknown Response: 
2023-11-07 02:49:25,697 - INFO - Unknown Response: 
2023-11-07 02:49:25,697 - INFO - Unknown Response: 
2023-11-07 02:49:25,697 - INFO - Unknown Response: 
2023-11-07 02:49:25,697 - INFO - Unknown Response: 
2023-11-07 02:49:25,697 - INFO - Unknown Response: 
2023-11-07 02:49:25,697 - INFO - Unknown Response: 
2023-11-07 02:49:25,697 - INFO - Unknown Response: 
2023-11-07 02:49:25,697 - INFO - Unknown Response: 
2023-11-07 02:49:25,697 - INFO - Unknown Response: 
2023-11-07 02:49:25,697 - INFO - Unknown Response: 
2023-11-07 02:49:25,697 - INFO - Unknown Response: 
2023-11-07 02:49:25,697 - INFO - Unknown Response: 
2023-11-07 02:49:25,697 - INFO - Unknown Response: 
2023-11-07 02:49:25,706 - INFO - Unknown Response: 
2023-11-07 02:49:25,706 - INFO - Unknown Response: 
2023-11-07 02:49:25,706 - INFO - Unknown Response: 
2023-11-07 02:49:25,707 - INFO - Unknown Response: 
2023-11-07 02:49:25,707 - INFO - Unknown Response: 
2023-11-07 02:49:25,707 - INFO - Unknown Response: 
2023-11-07 02:49:25,707 - INFO - Unknown Response: 
2023-11-07 02:49:25,707 - INFO - Unknown Response: 
2023-11-07 02:49:25,707 - INFO - Unknown Response: 
2023-11-07 02:49:25,707 - INFO - Unknown Response: 
2023-11-07 02:49:25,707 - INFO - Unknown Response: 
2023-11-07 02:49:25,707 - INFO - Unknown Response: 
2023-11-07 02:49:25,707 - INFO - Unknown Response: 
2023-11-07 02:49:25,707 - INFO - Unknown Response: 
2023-11-07 02:49:25,707 - INFO - Unknown Response: 
2023-11-07 02:49:25,707 - INFO - Unknown Response: 
2023-11-07 02:49:25,707 - INFO - Unknown Response: 
2023-11-07 02:49:25,707 - INFO - Unknown Response: 
2023-11-07 02:49:25,707 - INFO - Unknown Response: 
2023-11-07 02:49:25,707 - INFO - Unknown Response: 
2023-11-07 02:49:25,707 - INFO - Unknown Response: 
2023-11-07 02:49:25,707 - INFO - Unknown Response: 
2023-11-07 02:49:25,707 - INFO - Unknown Response: 
2023-11-07 02:49:25,707 - INFO - Unknown Response: 
2023-11-07 02:49:25,707 - INFO - Unknown Response: 
2023-11-07 02:49:25,707 - INFO - Unknown Response: 
2023-11-07 02:49:25,707 - INFO - Unknown Response: 
2023-11-07 02:49:25,707 - INFO - Unknown Response: 
2023-11-07 02:49:25,707 - INFO - Unknown Response: 
2023-11-07 02:49:25,707 - INFO - Unknown Response: 
2023-11-07 02:49:25,707 - INFO - Unknown Response: 
2023-11-07 02:49:25,707 - INFO - Unknown Response: 
2023-11-07 02:49:25,707 - INFO - Unknown Response: 
2023-11-07 02:49:25,707 - INFO - Unknown Response: 
2023-11-07 02:49:25,707 - INFO - Unknown Response: 
2023-11-07 02:49:25,707 - INFO - Unknown Response: 
2023-11-07 02:49:25,707 - INFO - Unknown Response: 
2023-11-07 02:49:25,707 - INFO - Unknown Response: 
2023-11-07 02:49:25,707 - INFO - Unknown Response: 
2023-11-07 02:49:25,707 - INFO - Unknown Response: 
2023-11-07 02:49:25,707 - INFO - Unknown Response: 
2023-11-07 02:49:25,707 - INFO - Unknown Response: 
2023-11-07 02:49:25,707 - INFO - Unknown Response: 
2023-11-07 02:49:25,707 - INFO - Unknown Response: 
2023-11-07 02:49:25,717 - INFO - Unknown Response: 
2023-11-07 02:49:25,717 - INFO - Unknown Response: 
2023-11-07 02:49:25,717 - INFO - Unknown Response: 
2023-11-07 02:49:25,717 - INFO - Unknown Response: 
2023-11-07 02:49:25,717 - INFO - Unknown Response: 
2023-11-07 02:49:25,717 - INFO - Unknown Response: 
2023-11-07 02:49:25,717 - INFO - Unknown Response: 
2023-11-07 02:49:25,717 - INFO - Unknown Response: 
2023-11-07 02:49:25,717 - INFO - Unknown Response: 
2023-11-07 02:49:25,717 - INFO - Unknown Response: 
2023-11-07 02:49:25,717 - INFO - Unknown Response: 
2023-11-07 02:49:25,717 - INFO - Unknown Response: 
2023-11-07 02:49:25,717 - INFO - Unknown Response: 
2023-11-07 02:49:25,717 - INFO - Unknown Response: 
2023-11-07 02:49:25,717 - INFO - Unknown Response: 
2023-11-07 02:49:25,717 - INFO - Unknown Response: 
2023-11-07 02:49:25,717 - INFO - Unknown Response: 
2023-11-07 02:49:25,717 - INFO - Unknown Response: 
2023-11-07 02:49:25,717 - INFO - Unknown Response: 
2023-11-07 02:49:25,717 - INFO - Unknown Response: 
2023-11-07 02:49:25,717 - INFO - Unknown Response: 
2023-11-07 02:49:25,717 - INFO - Unknown Response: 
2023-11-07 02:49:25,717 - INFO - Unknown Response: 
2023-11-07 02:49:25,717 - INFO - Unknown Response: 
2023-11-07 02:49:25,717 - INFO - Unknown Response: 
2023-11-07 02:49:25,717 - INFO - Unknown Response: 
2023-11-07 02:49:25,717 - INFO - Unknown Response: 
2023-11-07 02:49:25,717 - INFO - Unknown Response: 
2023-11-07 02:49:25,717 - INFO - Unknown Response: 
2023-11-07 02:49:25,717 - INFO - Unknown Response: 
2023-11-07 02:49:25,717 - INFO - Unknown Response: 
2023-11-07 02:49:25,717 - INFO - Unknown Response: 
2023-11-07 02:49:25,717 - INFO - Unknown Response: 
2023-11-07 02:49:25,717 - INFO - Unknown Response: 
2023-11-07 02:49:25,717 - INFO - Unknown Response: 
2023-11-07 02:49:25,722 - INFO - Unknown Response: 
2023-11-07 02:49:25,722 - INFO - Unknown Response: 
2023-11-07 02:49:25,722 - INFO - Unknown Response: 
2023-11-07 02:49:25,722 - INFO - Unknown Response: 
2023-11-07 02:49:25,722 - INFO - Unknown Response: 
2023-11-07 02:49:25,722 - INFO - Unknown Response: 
2023-11-07 02:49:25,722 - INFO - Unknown Response: 
2023-11-07 02:49:25,722 - INFO - Unknown Response: 
2023-11-07 02:49:25,722 - INFO - Unknown Response: 
2023-11-07 02:49:25,722 - INFO - Unknown Response: 
2023-11-07 02:49:25,722 - INFO - Unknown Response: 
2023-11-07 02:49:25,722 - INFO - Unknown Response: 
2023-11-07 02:49:25,722 - INFO - Unknown Response: 
2023-11-07 02:49:25,722 - INFO - Unknown Response: 
2023-11-07 02:49:25,722 - INFO - Unknown Response: 
2023-11-07 02:49:25,722 - INFO - Unknown Response: 
2023-11-07 02:49:25,722 - INFO - Unknown Response: 
2023-11-07 02:49:25,722 - INFO - Unknown Response: 
2023-11-07 02:49:25,722 - INFO - Unknown Response: 
2023-11-07 02:49:25,722 - INFO - Unknown Response: 
2023-11-07 02:49:25,722 - INFO - Unknown Response: 
2023-11-07 02:49:25,722 - INFO - Unknown Response: 
2023-11-07 02:49:25,722 - INFO - Unknown Response: 
2023-11-07 02:49:25,722 - INFO - Unknown Response: 
2023-11-07 02:49:25,722 - INFO - Unknown Response: 
2023-11-07 02:49:25,722 - INFO - Unknown Response: 
2023-11-07 02:49:25,722 - INFO - Unknown Response: 
2023-11-07 02:49:25,722 - INFO - Unknown Response: 
2023-11-07 02:49:25,722 - INFO - Unknown Response: 
2023-11-07 02:49:25,722 - INFO - Unknown Response: 
2023-11-07 02:49:25,722 - INFO - Unknown Response: 
2023-11-07 02:49:25,722 - INFO - Unknown Response: 
2023-11-07 02:49:25,722 - INFO - Unknown Response: 
2023-11-07 02:49:25,722 - INFO - Unknown Response: 
2023-11-07 02:49:25,722 - INFO - Unknown Response: 
2023-11-07 02:49:25,722 - INFO - Unknown Response: 
2023-11-07 02:49:25,722 - INFO - Unknown Response: 
2023-11-07 02:49:25,722 - INFO - Unknown Response: 
2023-11-07 02:49:25,722 - INFO - Unknown Response: 
2023-11-07 02:49:25,722 - INFO - Unknown Response: 
2023-11-07 02:49:25,722 - INFO - Unknown Response: 
2023-11-07 02:49:25,722 - INFO - Unknown Response: 
2023-11-07 02:49:25,722 - ERROR - An error occurred: [WinError 10053] An established connection was aborted by the software in your host machine
2023-11-07 10:02:56,257 - INFO - Application started
2023-11-07 10:02:56,257 - INFO - Connecting to: fix.dytechlab.com at port: 5100
2023-11-07 10:02:57,561 - INFO - Response: 
2023-11-07 10:09:15,430 - INFO - Application started
2023-11-07 10:09:15,430 - INFO - Connecting to server: fix.dytechlab.com at port: 5100
2023-11-07 10:09:16,760 - INFO - Response: 
2023-11-07 10:12:29,602 - INFO - Application started
2023-11-07 10:12:29,603 - INFO - Connecting to server: fix.dytechlab.com at port: 5100
2023-11-07 10:12:29,889 - INFO - Connection to server: fix.dytechlab.com at port: 5100 successful
2023-11-07 10:12:30,906 - INFO - Response: 
2023-11-07 10:13:47,966 - INFO - Application started
2023-11-07 10:13:47,966 - INFO - Connecting to server: fix.dytechlab.com at port: 5100
2023-11-07 10:13:47,989 - INFO - Connection to server: fix.dytechlab.com at port: 5100 successful
2023-11-07 10:13:48,996 - INFO - Response: 
2023-11-07 10:13:48,996 - INFO - Unknown Response: 
2023-11-07 10:13:48,996 - INFO - Unknown Response: 
2023-11-07 10:13:48,996 - INFO - Unknown Response: 
2023-11-07 10:13:48,996 - INFO - Unknown Response: 
2023-11-07 10:13:48,996 - INFO - Unknown Response: 
2023-11-07 10:13:48,996 - INFO - Unknown Response: 
2023-11-07 10:13:48,996 - INFO - Unknown Response: 
2023-11-07 10:13:48,996 - INFO - Unknown Response: 
2023-11-07 10:13:48,996 - INFO - Unknown Response: 
2023-11-07 10:13:48,996 - INFO - Unknown Response: 
2023-11-07 10:13:48,996 - INFO - Unknown Response: 
2023-11-07 10:13:48,996 - INFO - Unknown Response: 
2023-11-07 10:13:48,996 - INFO - Unknown Response: 
2023-11-07 10:13:48,996 - INFO - Unknown Response: 
2023-11-07 10:13:48,996 - INFO - Unknown Response: 
2023-11-07 10:13:48,996 - INFO - Unknown Response: 
2023-11-07 10:13:48,996 - INFO - Unknown Response: 
2023-11-07 10:13:48,996 - INFO - Unknown Response: 
2023-11-07 10:13:49,004 - INFO - Unknown Response: 
2023-11-07 10:13:49,004 - INFO - Unknown Response: 
2023-11-07 10:13:49,004 - INFO - Unknown Response: 
2023-11-07 10:13:49,004 - INFO - Unknown Response: 
2023-11-07 10:13:49,004 - INFO - Unknown Response: 
2023-11-07 10:13:49,004 - INFO - Unknown Response: 
2023-11-07 10:13:49,004 - INFO - Unknown Response: 
2023-11-07 10:13:49,004 - INFO - Unknown Response: 
2023-11-07 10:13:49,004 - INFO - Unknown Response: 
2023-11-07 10:13:49,004 - INFO - Unknown Response: 
2023-11-07 10:13:49,004 - INFO - Unknown Response: 
2023-11-07 10:13:49,004 - INFO - Unknown Response: 
2023-11-07 10:13:49,004 - INFO - Unknown Response: 
2023-11-07 10:13:49,004 - INFO - Unknown Response: 
2023-11-07 10:13:49,004 - INFO - Unknown Response: 
2023-11-07 10:13:49,004 - INFO - Unknown Response: 
2023-11-07 10:13:49,004 - INFO - Unknown Response: 
2023-11-07 10:13:49,004 - INFO - Unknown Response: 
2023-11-07 10:13:49,004 - INFO - Unknown Response: 
2023-11-07 10:13:49,004 - INFO - Unknown Response: 
2023-11-07 10:13:49,004 - INFO - Unknown Response: 
2023-11-07 10:13:49,004 - INFO - Unknown Response: 
2023-11-07 10:13:49,004 - INFO - Unknown Response: 
2023-11-07 10:13:49,004 - INFO - Unknown Response: 
2023-11-07 10:13:49,004 - INFO - Unknown Response: 
2023-11-07 10:13:49,004 - INFO - Unknown Response: 
2023-11-07 10:13:49,004 - INFO - Unknown Response: 
2023-11-07 10:13:49,004 - INFO - Unknown Response: 
2023-11-07 10:13:49,004 - INFO - Unknown Response: 
2023-11-07 10:13:49,004 - INFO - Unknown Response: 
2023-11-07 10:13:49,004 - INFO - Unknown Response: 
2023-11-07 10:13:49,004 - INFO - Unknown Response: 
2023-11-07 10:13:49,004 - INFO - Unknown Response: 
2023-11-07 10:13:49,004 - INFO - Unknown Response: 
2023-11-07 10:13:49,006 - INFO - Unknown Response: 
2023-11-07 10:13:49,006 - INFO - Unknown Response: 
2023-11-07 10:13:49,006 - INFO - Unknown Response: 
2023-11-07 10:13:49,006 - INFO - Unknown Response: 
2023-11-07 10:13:49,006 - INFO - Unknown Response: 
2023-11-07 10:13:49,006 - INFO - Unknown Response: 
2023-11-07 10:13:49,006 - INFO - Unknown Response: 
2023-11-07 10:13:49,006 - INFO - Unknown Response: 
2023-11-07 10:13:49,006 - INFO - Unknown Response: 
2023-11-07 10:13:49,006 - INFO - Unknown Response: 
2023-11-07 10:13:49,006 - INFO - Unknown Response: 
2023-11-07 10:13:49,006 - INFO - Unknown Response: 
2023-11-07 10:13:49,006 - INFO - Unknown Response: 
2023-11-07 10:13:49,006 - INFO - Unknown Response: 
2023-11-07 10:13:49,006 - INFO - Unknown Response: 
2023-11-07 10:13:49,006 - INFO - Unknown Response: 
2023-11-07 10:13:49,006 - INFO - Unknown Response: 
2023-11-07 10:13:49,006 - INFO - Unknown Response: 
2023-11-07 10:13:49,006 - INFO - Unknown Response: 
2023-11-07 10:13:49,006 - INFO - Unknown Response: 
2023-11-07 10:13:49,006 - INFO - Unknown Response: 
2023-11-07 10:13:49,006 - INFO - Unknown Response: 
2023-11-07 10:13:49,006 - INFO - Unknown Response: 
2023-11-07 10:13:49,006 - INFO - Unknown Response: 
2023-11-07 10:13:49,006 - INFO - Unknown Response: 
2023-11-07 10:13:49,006 - INFO - Unknown Response: 
2023-11-07 10:13:49,006 - INFO - Unknown Response: 
2023-11-07 10:13:49,006 - INFO - Unknown Response: 
2023-11-07 10:13:49,006 - INFO - Unknown Response: 
2023-11-07 10:13:49,006 - INFO - Unknown Response: 
2023-11-07 10:13:49,006 - INFO - Unknown Response: 
2023-11-07 10:13:49,006 - INFO - Unknown Response: 
2023-11-07 10:13:49,006 - INFO - Unknown Response: 
2023-11-07 10:13:49,006 - INFO - Unknown Response: 
2023-11-07 10:13:49,006 - INFO - Unknown Response: 
2023-11-07 10:13:49,006 - INFO - Unknown Response: 
2023-11-07 10:13:49,006 - INFO - Unknown Response: 
2023-11-07 10:13:49,006 - INFO - Unknown Response: 
2023-11-07 10:13:49,006 - INFO - Unknown Response: 
2023-11-07 10:13:49,006 - INFO - Unknown Response: 
2023-11-07 10:13:49,006 - INFO - Unknown Response: 
2023-11-07 10:13:49,006 - INFO - Unknown Response: 
2023-11-07 10:13:49,006 - INFO - Unknown Response: 
2023-11-07 10:13:49,006 - INFO - Unknown Response: 
2023-11-07 10:13:49,006 - INFO - Unknown Response: 
2023-11-07 10:13:49,006 - INFO - Unknown Response: 
2023-11-07 10:13:49,006 - INFO - Unknown Response: 
2023-11-07 10:13:49,006 - INFO - Unknown Response: 
2023-11-07 10:13:49,006 - INFO - Unknown Response: 
2023-11-07 10:13:49,006 - INFO - Unknown Response: 
2023-11-07 10:13:49,006 - INFO - Unknown Response: 
2023-11-07 10:13:49,006 - INFO - Unknown Response: 
2023-11-07 10:13:49,006 - INFO - Unknown Response: 
2023-11-07 10:13:49,006 - INFO - Unknown Response: 
2023-11-07 10:13:49,006 - INFO - Unknown Response: 
2023-11-07 10:13:49,006 - INFO - Unknown Response: 
2023-11-07 10:13:49,006 - INFO - Unknown Response: 
2023-11-07 10:13:49,006 - INFO - Unknown Response: 
2023-11-07 10:13:49,006 - INFO - Unknown Response: 
2023-11-07 10:13:49,006 - INFO - Unknown Response: 
2023-11-07 10:13:49,006 - INFO - Unknown Response: 
2023-11-07 10:13:49,006 - INFO - Unknown Response: 
2023-11-07 10:13:49,006 - INFO - Unknown Response: 
2023-11-07 10:13:49,006 - INFO - Unknown Response: 
2023-11-07 10:13:49,006 - INFO - Unknown Response: 
2023-11-07 10:13:49,006 - INFO - Unknown Response: 
2023-11-07 10:13:49,006 - INFO - Unknown Response: 
2023-11-07 10:13:49,006 - INFO - Unknown Response: 
2023-11-07 10:13:49,006 - INFO - Unknown Response: 
2023-11-07 10:13:49,006 - INFO - Unknown Response: 
2023-11-07 10:13:49,006 - INFO - Unknown Response: 
2023-11-07 10:13:49,006 - INFO - Unknown Response: 
2023-11-07 10:13:49,006 - INFO - Unknown Response: 
2023-11-07 10:13:49,006 - INFO - Unknown Response: 
2023-11-07 10:13:49,006 - INFO - Unknown Response: 
2023-11-07 10:13:49,006 - INFO - Unknown Response: 
2023-11-07 10:13:49,006 - INFO - Unknown Response: 
2023-11-07 10:13:49,006 - INFO - Unknown Response: 
2023-11-07 10:13:49,006 - INFO - Unknown Response: 
2023-11-07 10:13:49,006 - INFO - Unknown Response: 
2023-11-07 10:13:49,006 - INFO - Unknown Response: 
2023-11-07 10:13:49,006 - INFO - Unknown Response: 
2023-11-07 10:13:49,006 - INFO - Unknown Response: 
2023-11-07 10:13:49,006 - INFO - Unknown Response: 
2023-11-07 10:13:49,006 - INFO - Unknown Response: 
2023-11-07 10:13:49,006 - INFO - Unknown Response: 
2023-11-07 10:13:49,006 - INFO - Unknown Response: 
2023-11-07 10:13:49,006 - INFO - Unknown Response: 
2023-11-07 10:13:49,006 - INFO - Unknown Response: 
2023-11-07 10:13:49,006 - INFO - Unknown Response: 
2023-11-07 10:13:49,006 - INFO - Unknown Response: 
2023-11-07 10:13:49,006 - INFO - Unknown Response: 
2023-11-07 10:13:49,006 - INFO - Unknown Response: 
2023-11-07 10:13:49,006 - INFO - Unknown Response: 
2023-11-07 10:13:49,006 - INFO - Unknown Response: 
2023-11-07 10:13:49,006 - INFO - Unknown Response: 
2023-11-07 10:13:49,006 - INFO - Unknown Response: 
2023-11-07 10:13:49,006 - INFO - Unknown Response: 
2023-11-07 10:13:49,006 - INFO - Unknown Response: 
2023-11-07 10:13:49,006 - INFO - Unknown Response: 
2023-11-07 10:13:49,006 - INFO - Unknown Response: 
2023-11-07 10:13:49,006 - INFO - Unknown Response: 
2023-11-07 10:13:49,006 - INFO - Unknown Response: 
2023-11-07 10:13:49,006 - INFO - Unknown Response: 
2023-11-07 10:13:49,006 - INFO - Unknown Response: 
2023-11-07 10:13:49,006 - INFO - Unknown Response: 
2023-11-07 10:13:49,006 - INFO - Unknown Response: 
2023-11-07 10:13:49,006 - INFO - Unknown Response: 
2023-11-07 10:13:49,006 - INFO - Unknown Response: 
2023-11-07 10:13:49,006 - INFO - Unknown Response: 
2023-11-07 10:13:49,006 - INFO - Unknown Response: 
2023-11-07 10:13:49,006 - INFO - Unknown Response: 
2023-11-07 10:13:49,006 - INFO - Unknown Response: 
2023-11-07 10:13:49,016 - ERROR - An error occurred while connecting to the server: [WinError 10053] An established connection was aborted by the software in your host machine
2023-11-07 23:11:13,640 - INFO - Application started
2023-11-07 23:11:13,642 - INFO - Connecting to server: fix.dytechlab.com at port: 5100
2023-11-07 23:11:13,933 - INFO - Connection to server: fix.dytechlab.com at port: 5100 successful
2023-11-07 23:11:14,947 - INFO - Response: 
2023-11-07 23:11:14,949 - INFO - Unknown Response: 
2023-11-07 23:11:14,949 - INFO - Unknown Response: 
2023-11-07 23:11:14,950 - INFO - Unknown Response: 
2023-11-07 23:11:14,950 - INFO - Unknown Response: 
2023-11-07 23:11:14,950 - INFO - Unknown Response: 
2023-11-07 23:11:14,950 - INFO - Unknown Response: 
2023-11-07 23:11:14,951 - INFO - Unknown Response: 
2023-11-07 23:11:14,951 - INFO - Unknown Response: 
2023-11-07 23:11:14,951 - INFO - Unknown Response: 
2023-11-07 23:11:14,951 - INFO - Unknown Response: 
2023-11-07 23:11:14,951 - INFO - Unknown Response: 
2023-11-07 23:11:14,953 - INFO - Unknown Response: 
2023-11-07 23:11:14,954 - INFO - Unknown Response: 
2023-11-07 23:11:14,955 - INFO - Unknown Response: 
2023-11-07 23:11:14,957 - INFO - Unknown Response: 
2023-11-07 23:11:14,957 - INFO - Unknown Response: 
2023-11-07 23:11:14,959 - INFO - Unknown Response: 
2023-11-07 23:11:14,960 - INFO - Unknown Response: 
2023-11-07 23:11:14,960 - INFO - Unknown Response: 
2023-11-07 23:11:14,960 - INFO - Unknown Response: 
2023-11-07 23:11:14,960 - INFO - Unknown Response: 
2023-11-07 23:11:14,961 - INFO - Unknown Response: 
2023-11-07 23:11:14,961 - INFO - Unknown Response: 
2023-11-07 23:11:14,961 - INFO - Unknown Response: 
2023-11-07 23:11:14,962 - INFO - Unknown Response: 
2023-11-07 23:11:14,962 - INFO - Unknown Response: 
2023-11-07 23:11:14,962 - INFO - Unknown Response: 
2023-11-07 23:11:14,963 - INFO - Unknown Response: 
2023-11-07 23:11:14,963 - INFO - Unknown Response: 
2023-11-07 23:11:14,963 - INFO - Unknown Response: 
2023-11-07 23:11:14,963 - INFO - Unknown Response: 
2023-11-07 23:11:14,964 - INFO - Unknown Response: 
2023-11-07 23:11:14,964 - INFO - Unknown Response: 
2023-11-07 23:11:14,965 - INFO - Unknown Response: 
2023-11-07 23:11:14,965 - INFO - Unknown Response: 
2023-11-07 23:11:14,966 - INFO - Unknown Response: 
2023-11-07 23:11:14,966 - INFO - Unknown Response: 
2023-11-07 23:11:14,966 - INFO - Unknown Response: 
2023-11-07 23:11:14,967 - INFO - Unknown Response: 
2023-11-07 23:11:14,972 - ERROR - An error occurred while connecting to the server: [WinError 10053] An established connection was aborted by the software in your host machine
2023-11-08 13:48:47,105 - INFO - Application started
2023-11-08 13:48:47,106 - INFO - Connecting to server: fix.dytechlab.com at port: 5100
2023-11-08 13:48:47,403 - INFO - Connection to server: fix.dytechlab.com at port: 5100 successful
2023-11-08 13:48:48,424 - INFO - Response: 
2023-11-08 13:48:48,424 - ERROR - Unknown Response: 
2023-11-08 13:48:48,424 - ERROR - Unknown Response: 
2023-11-08 13:48:48,424 - ERROR - Unknown Response: 
2023-11-08 13:48:48,424 - ERROR - Unknown Response: 
2023-11-08 13:48:48,424 - ERROR - Unknown Response: 
2023-11-08 13:48:48,424 - ERROR - Unknown Response: 
2023-11-08 13:48:48,425 - ERROR - Unknown Response: 
2023-11-08 13:48:48,425 - ERROR - Unknown Response: 
2023-11-08 13:48:48,425 - ERROR - Unknown Response: 
2023-11-08 13:48:48,425 - ERROR - Unknown Response: 
2023-11-08 13:48:48,425 - ERROR - Unknown Response: 
2023-11-08 13:48:48,425 - ERROR - Unknown Response: 
2023-11-08 13:48:48,425 - ERROR - Unknown Response: 
2023-11-08 13:48:48,426 - ERROR - Unknown Response: 
2023-11-08 13:48:48,426 - ERROR - Unknown Response: 
2023-11-08 13:48:48,426 - ERROR - Unknown Response: 
2023-11-08 13:48:48,426 - ERROR - Unknown Response: 
2023-11-08 13:48:48,426 - ERROR - Unknown Response: 
2023-11-08 13:48:48,426 - ERROR - Unknown Response: 
2023-11-08 13:48:48,426 - ERROR - Unknown Response: 
2023-11-08 13:48:48,426 - ERROR - Unknown Response: 
2023-11-08 13:48:48,426 - ERROR - Unknown Response: 
2023-11-08 13:48:48,426 - ERROR - Unknown Response: 
2023-11-08 13:48:48,426 - ERROR - Unknown Response: 
2023-11-08 13:48:48,427 - ERROR - Unknown Response: 
2023-11-08 13:48:48,427 - ERROR - Unknown Response: 
2023-11-08 13:48:48,427 - ERROR - Unknown Response: 
2023-11-08 13:48:48,427 - ERROR - Unknown Response: 
2023-11-08 13:48:48,427 - ERROR - Unknown Response: 
2023-11-08 13:48:48,427 - ERROR - Unknown Response: 
2023-11-08 13:48:48,427 - ERROR - Unknown Response: 
2023-11-08 13:48:48,427 - ERROR - Unknown Response: 
2023-11-08 13:48:48,427 - ERROR - Unknown Response: 
2023-11-08 13:48:48,427 - ERROR - Unknown Response: 
2023-11-08 13:48:48,427 - ERROR - Unknown Response: 
2023-11-08 13:48:48,428 - ERROR - Unknown Response: 
2023-11-08 13:48:48,428 - ERROR - Unknown Response: 
2023-11-08 13:48:48,428 - ERROR - Unknown Response: 
2023-11-08 13:48:48,428 - ERROR - Unknown Response: 
2023-11-08 13:48:48,428 - ERROR - Unknown Response: 
2023-11-08 13:48:48,428 - ERROR - Unknown Response: 
2023-11-08 13:48:48,428 - ERROR - Unknown Response: 
2023-11-08 13:48:48,428 - ERROR - Unknown Response: 
2023-11-08 13:48:48,428 - ERROR - Unknown Response: 
2023-11-08 13:48:48,428 - ERROR - Unknown Response: 
2023-11-08 13:48:48,428 - ERROR - Unknown Response: 
2023-11-08 13:48:48,428 - ERROR - Unknown Response: 
2023-11-08 13:48:48,428 - ERROR - Unknown Response: 
2023-11-08 13:48:48,428 - ERROR - Unknown Response: 
2023-11-08 13:48:48,428 - ERROR - Unknown Response: 
2023-11-08 13:48:48,429 - ERROR - Unknown Response: 
2023-11-08 13:48:48,429 - ERROR - Unknown Response: 
2023-11-08 13:48:48,429 - ERROR - Unknown Response: 
2023-11-08 13:48:48,429 - ERROR - Unknown Response: 
2023-11-08 13:48:48,429 - ERROR - Unknown Response: 
2023-11-08 13:48:48,429 - ERROR - Unknown Response: 
2023-11-08 13:48:48,429 - ERROR - Unknown Response: 
2023-11-08 13:48:48,429 - ERROR - Unknown Response: 
2023-11-08 13:48:48,429 - ERROR - Unknown Response: 
2023-11-08 13:48:48,429 - ERROR - Unknown Response: 
2023-11-08 13:48:48,429 - ERROR - Unknown Response: 
2023-11-08 13:48:48,430 - ERROR - Unknown Response: 
2023-11-08 13:48:48,430 - ERROR - Unknown Response: 
2023-11-08 13:48:48,430 - ERROR - Unknown Response: 
2023-11-08 13:48:48,430 - ERROR - Unknown Response: 
2023-11-08 13:48:48,430 - ERROR - Unknown Response: 
2023-11-08 13:48:48,430 - ERROR - Unknown Response: 
2023-11-08 13:48:48,430 - ERROR - Unknown Response: 
2023-11-08 13:48:48,430 - ERROR - Unknown Response: 
2023-11-08 13:48:48,430 - ERROR - Unknown Response: 
2023-11-08 13:48:48,430 - ERROR - Unknown Response: 
2023-11-08 13:48:48,430 - ERROR - Unknown Response: 
2023-11-08 13:48:48,431 - ERROR - Unknown Response: 
2023-11-08 13:48:48,431 - ERROR - Unknown Response: 
2023-11-08 13:48:48,431 - ERROR - Unknown Response: 
2023-11-08 13:48:48,431 - ERROR - Unknown Response: 
2023-11-08 13:48:48,431 - ERROR - Unknown Response: 
2023-11-08 13:48:48,431 - ERROR - Unknown Response: 
2023-11-08 13:48:48,431 - ERROR - Unknown Response: 
2023-11-08 13:48:48,431 - ERROR - Unknown Response: 
2023-11-08 13:48:48,431 - ERROR - Unknown Response: 
2023-11-08 13:48:48,431 - ERROR - Unknown Response: 
2023-11-08 13:48:48,431 - ERROR - Unknown Response: 
2023-11-08 13:48:48,431 - ERROR - Unknown Response: 
2023-11-08 13:48:48,431 - ERROR - Unknown Response: 
2023-11-08 13:48:48,431 - ERROR - Unknown Response: 
2023-11-08 13:48:48,431 - ERROR - Unknown Response: 
2023-11-08 13:48:48,432 - ERROR - Unknown Response: 
2023-11-08 13:48:48,432 - ERROR - Unknown Response: 
2023-11-08 13:48:48,432 - ERROR - Unknown Response: 
2023-11-08 13:48:48,432 - ERROR - Unknown Response: 
2023-11-08 13:48:48,432 - ERROR - Unknown Response: 
2023-11-08 13:48:48,432 - ERROR - Unknown Response: 
2023-11-08 13:48:48,432 - ERROR - Unknown Response: 
2023-11-08 13:48:48,432 - ERROR - Unknown Response: 
2023-11-08 13:48:48,432 - ERROR - Unknown Response: 
2023-11-08 13:48:48,432 - ERROR - Unknown Response: 
2023-11-08 13:48:48,432 - ERROR - Unknown Response: 
2023-11-08 13:48:48,432 - ERROR - Unknown Response: 
2023-11-08 13:48:48,432 - ERROR - Unknown Response: 
2023-11-08 13:48:48,432 - ERROR - Unknown Response: 
2023-11-08 13:48:48,432 - ERROR - Unknown Response: 
2023-11-08 13:48:48,432 - ERROR - Unknown Response: 
2023-11-08 13:48:48,432 - ERROR - Unknown Response: 
2023-11-08 13:48:48,432 - ERROR - Unknown Response: 
2023-11-08 13:48:48,432 - ERROR - Unknown Response: 
2023-11-08 13:48:48,432 - ERROR - Unknown Response: 
2023-11-08 13:48:48,432 - ERROR - Unknown Response: 
2023-11-08 13:48:48,432 - ERROR - Unknown Response: 
2023-11-08 13:48:48,432 - ERROR - Unknown Response: 
2023-11-08 13:48:48,432 - ERROR - Unknown Response: 
2023-11-08 13:48:48,432 - ERROR - Unknown Response: 
2023-11-08 13:48:48,432 - ERROR - Unknown Response: 
2023-11-08 13:48:48,432 - ERROR - Unknown Response: 
2023-11-08 13:48:48,433 - ERROR - Unknown Response: 
2023-11-08 13:48:48,433 - ERROR - Unknown Response: 
2023-11-08 13:48:48,433 - ERROR - Unknown Response: 
2023-11-08 13:48:48,433 - ERROR - Unknown Response: 
2023-11-08 13:48:48,433 - ERROR - Unknown Response: 
2023-11-08 13:48:48,433 - ERROR - Unknown Response: 
2023-11-08 13:48:48,433 - ERROR - Unknown Response: 
2023-11-08 13:48:48,433 - ERROR - Unknown Response: 
2023-11-08 13:48:48,433 - ERROR - Unknown Response: 
2023-11-08 13:48:48,433 - ERROR - Unknown Response: 
2023-11-08 13:48:48,433 - ERROR - Unknown Response: 
2023-11-08 13:48:48,433 - ERROR - Unknown Response: 
2023-11-08 13:48:48,433 - ERROR - Unknown Response: 
2023-11-08 13:48:48,434 - ERROR - Unknown Response: 
2023-11-08 13:48:48,434 - ERROR - Unknown Response: 
2023-11-08 13:48:48,434 - ERROR - Unknown Response: 
2023-11-08 13:48:48,434 - ERROR - Unknown Response: 
2023-11-08 13:48:48,434 - ERROR - Unknown Response: 
2023-11-08 13:48:48,434 - ERROR - Unknown Response: 
2023-11-08 13:48:48,434 - ERROR - Unknown Response: 
2023-11-08 13:48:48,434 - ERROR - Unknown Response: 
2023-11-08 13:48:48,434 - ERROR - Unknown Response: 
2023-11-08 13:48:48,434 - ERROR - Unknown Response: 
2023-11-08 13:48:48,434 - ERROR - Unknown Response: 
2023-11-08 13:48:48,434 - ERROR - Unknown Response: 
2023-11-08 13:48:48,434 - ERROR - Unknown Response: 
2023-11-08 13:48:48,435 - ERROR - Unknown Response: 
2023-11-08 13:48:48,435 - ERROR - Unknown Response: 
2023-11-08 13:48:48,435 - ERROR - Unknown Response: 
2023-11-08 13:48:48,435 - ERROR - Unknown Response: 
2023-11-08 13:48:48,435 - ERROR - Unknown Response: 
2023-11-08 13:48:48,435 - ERROR - Unknown Response: 
2023-11-08 13:48:48,435 - ERROR - Unknown Response: 
2023-11-08 13:48:48,435 - ERROR - Unknown Response: 
2023-11-08 13:48:48,435 - ERROR - Unknown Response: 
2023-11-08 13:48:48,435 - ERROR - Unknown Response: 
2023-11-08 13:48:48,435 - ERROR - Unknown Response: 
2023-11-08 13:48:48,435 - ERROR - Unknown Response: 
2023-11-08 13:48:48,435 - ERROR - Unknown Response: 
2023-11-08 13:48:48,435 - ERROR - Unknown Response: 
2023-11-08 13:48:48,435 - ERROR - Unknown Response: 
2023-11-08 13:48:48,436 - ERROR - Unknown Response: 
2023-11-08 13:48:48,436 - ERROR - Unknown Response: 
2023-11-08 13:48:48,436 - ERROR - Unknown Response: 
2023-11-08 13:48:48,436 - ERROR - Unknown Response: 
2023-11-08 13:48:48,436 - ERROR - Unknown Response: 
2023-11-08 13:48:48,436 - ERROR - Unknown Response: 
2023-11-08 13:48:48,436 - ERROR - Unknown Response: 
2023-11-08 13:48:48,436 - ERROR - Unknown Response: 
2023-11-08 13:48:48,436 - ERROR - Unknown Response: 
2023-11-08 13:48:48,436 - ERROR - Unknown Response: 
2023-11-08 13:48:48,436 - ERROR - Unknown Response: 
2023-11-08 13:48:48,436 - ERROR - Unknown Response: 
2023-11-08 13:48:48,436 - ERROR - Unknown Response: 
2023-11-08 13:48:48,436 - ERROR - Unknown Response: 
2023-11-08 13:48:48,437 - ERROR - Unknown Response: 
2023-11-08 13:48:48,437 - ERROR - Unknown Response: 
2023-11-08 13:48:48,437 - ERROR - Unknown Response: 
2023-11-08 13:48:48,437 - ERROR - Unknown Response: 
2023-11-08 13:48:48,437 - ERROR - Unknown Response: 
2023-11-08 13:48:48,437 - ERROR - Unknown Response: 
2023-11-08 13:48:48,437 - ERROR - Unknown Response: 
2023-11-08 13:48:48,437 - ERROR - Unknown Response: 
2023-11-08 13:48:48,437 - ERROR - Unknown Response: 
2023-11-08 13:48:48,437 - ERROR - Unknown Response: 
2023-11-08 13:48:48,437 - ERROR - Unknown Response: 
2023-11-08 13:48:48,438 - ERROR - Unknown Response: 
2023-11-08 13:48:48,438 - ERROR - Unknown Response: 
2023-11-08 13:48:48,438 - ERROR - Unknown Response: 
2023-11-08 13:48:48,438 - ERROR - Unknown Response: 
2023-11-08 13:48:48,438 - ERROR - Unknown Response: 
2023-11-08 13:48:48,438 - ERROR - Unknown Response: 
2023-11-08 13:48:48,438 - ERROR - Unknown Response: 
2023-11-08 13:48:48,438 - ERROR - Unknown Response: 
2023-11-08 13:48:48,438 - ERROR - Unknown Response: 
2023-11-08 13:48:48,438 - ERROR - Unknown Response: 
2023-11-08 13:48:48,439 - ERROR - Unknown Response: 
2023-11-08 13:48:48,439 - ERROR - Unknown Response: 
2023-11-08 13:48:48,439 - ERROR - An error occurred while connecting to the server: [WinError 10053] An established connection was aborted by the software in your host machine
